2020-06-29 10:19:40.833 [main] INFO  com.wei.practicedemo.PracticedemoApplication - Starting PracticedemoApplication on yss-PC with PID 10740 (F:\practice\practicedemo\target\classes started by yss in F:\practice\practicedemo)
2020-06-29 10:19:40.838 [main] INFO  com.wei.practicedemo.PracticedemoApplication - The following profiles are active: dev
2020-06-29 10:19:42.501 [main] INFO  o.s.boot.web.embedded.tomcat.TomcatWebServer - Tomcat initialized with port(s): 8080 (http)
2020-06-29 10:19:42.514 [main] INFO  org.apache.coyote.http11.Http11NioProtocol - Initializing ProtocolHandler ["http-nio-8080"]
2020-06-29 10:19:42.516 [main] INFO  org.apache.catalina.core.StandardService - Starting service [Tomcat]
2020-06-29 10:19:42.516 [main] INFO  org.apache.catalina.core.StandardEngine - Starting Servlet engine: [Apache Tomcat/9.0.36]
2020-06-29 10:19:42.654 [main] INFO  o.a.c.core.ContainerBase.[Tomcat].[localhost].[/] - Initializing Spring embedded WebApplicationContext
2020-06-29 10:19:42.654 [main] INFO  o.s.b.w.s.c.ServletWebServerApplicationContext - Root WebApplicationContext: initialization completed in 1723 ms
2020-06-29 10:19:43.233 [main] INFO  o.s.scheduling.concurrent.ThreadPoolTaskExecutor - Initializing ExecutorService 'applicationTaskExecutor'
2020-06-29 10:19:43.555 [main] INFO  org.apache.coyote.http11.Http11NioProtocol - Starting ProtocolHandler ["http-nio-8080"]
2020-06-29 10:19:43.618 [main] INFO  o.s.boot.web.embedded.tomcat.TomcatWebServer - Tomcat started on port(s): 8080 (http) with context path ''
2020-06-29 10:19:43.636 [main] INFO  com.wei.practicedemo.PracticedemoApplication - Started PracticedemoApplication in 3.416 seconds (JVM running for 6.417)
2020-06-29 10:20:19.826 [http-nio-8080-exec-2] INFO  o.a.c.core.ContainerBase.[Tomcat].[localhost].[/] - Initializing Spring DispatcherServlet 'dispatcherServlet'
2020-06-29 10:20:19.826 [http-nio-8080-exec-2] INFO  org.springframework.web.servlet.DispatcherServlet - Initializing Servlet 'dispatcherServlet'
2020-06-29 10:20:19.834 [http-nio-8080-exec-2] INFO  org.springframework.web.servlet.DispatcherServlet - Completed initialization in 8 ms
2020-06-29 14:49:58.168 [SpringContextShutdownHook] INFO  o.s.scheduling.concurrent.ThreadPoolTaskExecutor - Shutting down ExecutorService 'applicationTaskExecutor'
2020-06-29 14:51:09.058 [main] INFO  com.wei.practicedemo.PracticedemoApplication - Starting PracticedemoApplication on yss-PC with PID 12136 (F:\practice\practicedemo\target\classes started by yss in F:\practice\practicedemo)
2020-06-29 14:51:09.062 [main] INFO  com.wei.practicedemo.PracticedemoApplication - The following profiles are active: dev
2020-06-29 14:51:10.183 [main] INFO  o.s.boot.web.embedded.tomcat.TomcatWebServer - Tomcat initialized with port(s): 8080 (http)
2020-06-29 14:51:10.191 [main] INFO  org.apache.coyote.http11.Http11NioProtocol - Initializing ProtocolHandler ["http-nio-8080"]
2020-06-29 14:51:10.192 [main] INFO  org.apache.catalina.core.StandardService - Starting service [Tomcat]
2020-06-29 14:51:10.192 [main] INFO  org.apache.catalina.core.StandardEngine - Starting Servlet engine: [Apache Tomcat/9.0.36]
2020-06-29 14:51:10.254 [main] INFO  o.a.c.core.ContainerBase.[Tomcat].[localhost].[/] - Initializing Spring embedded WebApplicationContext
2020-06-29 14:51:10.254 [main] INFO  o.s.b.w.s.c.ServletWebServerApplicationContext - Root WebApplicationContext: initialization completed in 1116 ms
2020-06-29 14:51:10.571 [main] INFO  o.s.scheduling.concurrent.ThreadPoolTaskExecutor - Initializing ExecutorService 'applicationTaskExecutor'
2020-06-29 14:51:10.773 [main] INFO  org.apache.coyote.http11.Http11NioProtocol - Starting ProtocolHandler ["http-nio-8080"]
2020-06-29 14:51:10.798 [main] INFO  o.s.boot.web.embedded.tomcat.TomcatWebServer - Tomcat started on port(s): 8080 (http) with context path ''
2020-06-29 14:51:10.808 [main] INFO  com.wei.practicedemo.PracticedemoApplication - Started PracticedemoApplication in 2.322 seconds (JVM running for 3.505)
2020-06-29 14:58:24.583 [http-nio-8080-exec-1] INFO  o.a.c.core.ContainerBase.[Tomcat].[localhost].[/] - Initializing Spring DispatcherServlet 'dispatcherServlet'
2020-06-29 14:58:24.584 [http-nio-8080-exec-1] INFO  org.springframework.web.servlet.DispatcherServlet - Initializing Servlet 'dispatcherServlet'
2020-06-29 14:58:24.596 [http-nio-8080-exec-1] INFO  org.springframework.web.servlet.DispatcherServlet - Completed initialization in 10 ms
2020-06-29 14:58:24.722 [http-nio-8080-exec-1] INFO  com.zaxxer.hikari.HikariDataSource - HikariPool-1 - Starting...
2020-06-29 14:58:25.204 [http-nio-8080-exec-1] INFO  com.zaxxer.hikari.HikariDataSource - HikariPool-1 - Start completed.
2020-06-29 18:27:02.811 [SpringContextShutdownHook] INFO  o.s.scheduling.concurrent.ThreadPoolTaskExecutor - Shutting down ExecutorService 'applicationTaskExecutor'
2020-06-29 18:27:02.811 [SpringContextShutdownHook] INFO  com.zaxxer.hikari.HikariDataSource - HikariPool-1 - Shutdown initiated...
2020-06-29 18:27:02.826 [SpringContextShutdownHook] INFO  com.zaxxer.hikari.HikariDataSource - HikariPool-1 - Shutdown completed.
2020-06-29 18:27:16.178 [main] INFO  com.wei.practicedemo.PracticedemoApplication - Starting PracticedemoApplication on yss-PC with PID 15108 (F:\practice\practicedemo\target\classes started by yss in F:\practice\practicedemo)
2020-06-29 18:27:16.184 [main] INFO  com.wei.practicedemo.PracticedemoApplication - The following profiles are active: dev
2020-06-29 18:27:17.488 [main] INFO  o.s.boot.web.embedded.tomcat.TomcatWebServer - Tomcat initialized with port(s): 8080 (http)
2020-06-29 18:27:17.498 [main] INFO  org.apache.coyote.http11.Http11NioProtocol - Initializing ProtocolHandler ["http-nio-8080"]
2020-06-29 18:27:17.499 [main] INFO  org.apache.catalina.core.StandardService - Starting service [Tomcat]
2020-06-29 18:27:17.499 [main] INFO  org.apache.catalina.core.StandardEngine - Starting Servlet engine: [Apache Tomcat/9.0.36]
2020-06-29 18:27:17.579 [main] INFO  o.a.c.core.ContainerBase.[Tomcat].[localhost].[/] - Initializing Spring embedded WebApplicationContext
2020-06-29 18:27:17.579 [main] INFO  o.s.b.w.s.c.ServletWebServerApplicationContext - Root WebApplicationContext: initialization completed in 1336 ms
2020-06-29 18:27:17.928 [main] INFO  o.s.scheduling.concurrent.ThreadPoolTaskExecutor - Initializing ExecutorService 'applicationTaskExecutor'
2020-06-29 18:27:18.113 [main] INFO  org.apache.coyote.http11.Http11NioProtocol - Starting ProtocolHandler ["http-nio-8080"]
2020-06-29 18:27:18.157 [main] INFO  o.s.boot.web.embedded.tomcat.TomcatWebServer - Tomcat started on port(s): 8080 (http) with context path ''
2020-06-29 18:27:18.169 [main] INFO  com.wei.practicedemo.PracticedemoApplication - Started PracticedemoApplication in 2.622 seconds (JVM running for 3.798)
2020-06-29 18:27:24.319 [http-nio-8080-exec-1] INFO  o.a.c.core.ContainerBase.[Tomcat].[localhost].[/] - Initializing Spring DispatcherServlet 'dispatcherServlet'
2020-06-29 18:27:24.321 [http-nio-8080-exec-1] INFO  org.springframework.web.servlet.DispatcherServlet - Initializing Servlet 'dispatcherServlet'
2020-06-29 18:27:24.330 [http-nio-8080-exec-1] INFO  org.springframework.web.servlet.DispatcherServlet - Completed initialization in 9 ms
2020-06-29 18:30:24.406 [http-nio-8080-exec-1] INFO  com.zaxxer.hikari.HikariDataSource - HikariPool-1 - Starting...
2020-06-29 18:30:24.778 [http-nio-8080-exec-1] INFO  com.zaxxer.hikari.HikariDataSource - HikariPool-1 - Start completed.
2020-06-29 18:36:57.090 [SpringContextShutdownHook] INFO  o.s.scheduling.concurrent.ThreadPoolTaskExecutor - Shutting down ExecutorService 'applicationTaskExecutor'
2020-06-29 18:36:57.091 [SpringContextShutdownHook] INFO  com.zaxxer.hikari.HikariDataSource - HikariPool-1 - Shutdown initiated...
2020-06-29 18:36:57.115 [SpringContextShutdownHook] INFO  com.zaxxer.hikari.HikariDataSource - HikariPool-1 - Shutdown completed.
2020-06-29 18:37:05.956 [main] INFO  com.wei.practicedemo.PracticedemoApplication - Starting PracticedemoApplication on yss-PC with PID 5332 (F:\practice\practicedemo\target\classes started by yss in F:\practice\practicedemo)
2020-06-29 18:37:05.964 [main] INFO  com.wei.practicedemo.PracticedemoApplication - The following profiles are active: dev
2020-06-29 18:37:07.020 [main] INFO  o.s.boot.web.embedded.tomcat.TomcatWebServer - Tomcat initialized with port(s): 8080 (http)
2020-06-29 18:37:07.029 [main] INFO  org.apache.coyote.http11.Http11NioProtocol - Initializing ProtocolHandler ["http-nio-8080"]
2020-06-29 18:37:07.029 [main] INFO  org.apache.catalina.core.StandardService - Starting service [Tomcat]
2020-06-29 18:37:07.030 [main] INFO  org.apache.catalina.core.StandardEngine - Starting Servlet engine: [Apache Tomcat/9.0.36]
2020-06-29 18:37:07.094 [main] INFO  o.a.c.core.ContainerBase.[Tomcat].[localhost].[/] - Initializing Spring embedded WebApplicationContext
2020-06-29 18:37:07.094 [main] INFO  o.s.b.w.s.c.ServletWebServerApplicationContext - Root WebApplicationContext: initialization completed in 1066 ms
2020-06-29 18:37:07.426 [main] INFO  o.s.scheduling.concurrent.ThreadPoolTaskExecutor - Initializing ExecutorService 'applicationTaskExecutor'
2020-06-29 18:37:07.611 [main] INFO  org.apache.coyote.http11.Http11NioProtocol - Starting ProtocolHandler ["http-nio-8080"]
2020-06-29 18:37:07.635 [main] INFO  o.s.boot.web.embedded.tomcat.TomcatWebServer - Tomcat started on port(s): 8080 (http) with context path ''
2020-06-29 18:37:07.647 [main] INFO  com.wei.practicedemo.PracticedemoApplication - Started PracticedemoApplication in 2.352 seconds (JVM running for 3.524)
2020-06-29 18:37:13.763 [http-nio-8080-exec-1] INFO  o.a.c.core.ContainerBase.[Tomcat].[localhost].[/] - Initializing Spring DispatcherServlet 'dispatcherServlet'
2020-06-29 18:37:13.764 [http-nio-8080-exec-1] INFO  org.springframework.web.servlet.DispatcherServlet - Initializing Servlet 'dispatcherServlet'
2020-06-29 18:37:13.775 [http-nio-8080-exec-1] INFO  org.springframework.web.servlet.DispatcherServlet - Completed initialization in 10 ms
2020-06-29 18:37:33.853 [http-nio-8080-exec-1] INFO  com.zaxxer.hikari.HikariDataSource - HikariPool-1 - Starting...
2020-06-29 18:37:34.211 [http-nio-8080-exec-1] INFO  com.zaxxer.hikari.HikariDataSource - HikariPool-1 - Start completed.
2020-06-29 18:40:17.678 [SpringContextShutdownHook] INFO  o.s.scheduling.concurrent.ThreadPoolTaskExecutor - Shutting down ExecutorService 'applicationTaskExecutor'
2020-06-29 18:40:17.678 [SpringContextShutdownHook] INFO  com.zaxxer.hikari.HikariDataSource - HikariPool-1 - Shutdown initiated...
2020-06-29 18:40:17.701 [SpringContextShutdownHook] INFO  com.zaxxer.hikari.HikariDataSource - HikariPool-1 - Shutdown completed.
2020-06-29 18:40:26.912 [main] INFO  com.wei.practicedemo.PracticedemoApplication - Starting PracticedemoApplication on yss-PC with PID 15180 (F:\practice\practicedemo\target\classes started by yss in F:\practice\practicedemo)
2020-06-29 18:40:26.917 [main] INFO  com.wei.practicedemo.PracticedemoApplication - The following profiles are active: dev
2020-06-29 18:40:27.999 [main] INFO  o.s.boot.web.embedded.tomcat.TomcatWebServer - Tomcat initialized with port(s): 8080 (http)
2020-06-29 18:40:28.007 [main] INFO  org.apache.coyote.http11.Http11NioProtocol - Initializing ProtocolHandler ["http-nio-8080"]
2020-06-29 18:40:28.008 [main] INFO  org.apache.catalina.core.StandardService - Starting service [Tomcat]
2020-06-29 18:40:28.008 [main] INFO  org.apache.catalina.core.StandardEngine - Starting Servlet engine: [Apache Tomcat/9.0.36]
2020-06-29 18:40:28.072 [main] INFO  o.a.c.core.ContainerBase.[Tomcat].[localhost].[/] - Initializing Spring embedded WebApplicationContext
2020-06-29 18:40:28.072 [main] INFO  o.s.b.w.s.c.ServletWebServerApplicationContext - Root WebApplicationContext: initialization completed in 1098 ms
2020-06-29 18:40:28.389 [main] INFO  o.s.scheduling.concurrent.ThreadPoolTaskExecutor - Initializing ExecutorService 'applicationTaskExecutor'
2020-06-29 18:40:28.572 [main] INFO  org.apache.coyote.http11.Http11NioProtocol - Starting ProtocolHandler ["http-nio-8080"]
2020-06-29 18:40:28.597 [main] INFO  o.s.boot.web.embedded.tomcat.TomcatWebServer - Tomcat started on port(s): 8080 (http) with context path ''
2020-06-29 18:40:28.627 [main] INFO  com.wei.practicedemo.PracticedemoApplication - Started PracticedemoApplication in 2.306 seconds (JVM running for 3.468)
2020-06-29 18:40:41.553 [http-nio-8080-exec-1] INFO  o.a.c.core.ContainerBase.[Tomcat].[localhost].[/] - Initializing Spring DispatcherServlet 'dispatcherServlet'
2020-06-29 18:40:41.556 [http-nio-8080-exec-1] INFO  org.springframework.web.servlet.DispatcherServlet - Initializing Servlet 'dispatcherServlet'
2020-06-29 18:40:41.572 [http-nio-8080-exec-1] INFO  org.springframework.web.servlet.DispatcherServlet - Completed initialization in 15 ms
2020-06-29 18:40:43.662 [http-nio-8080-exec-1] INFO  com.zaxxer.hikari.HikariDataSource - HikariPool-1 - Starting...
2020-06-29 18:40:44.009 [http-nio-8080-exec-1] INFO  com.zaxxer.hikari.HikariDataSource - HikariPool-1 - Start completed.
2020-06-29 19:55:26.912 [SpringContextShutdownHook] INFO  o.s.scheduling.concurrent.ThreadPoolTaskExecutor - Shutting down ExecutorService 'applicationTaskExecutor'
2020-06-29 19:55:26.912 [SpringContextShutdownHook] INFO  com.zaxxer.hikari.HikariDataSource - HikariPool-1 - Shutdown initiated...
2020-06-29 19:55:26.928 [SpringContextShutdownHook] INFO  com.zaxxer.hikari.HikariDataSource - HikariPool-1 - Shutdown completed.
